# JRE version: OpenJDK Runtime Environment Temurin-17.0.10+7 (17.0.10+7) (build 17.0.10+7)
# Java VM: OpenJDK 64-Bit Server VM Temurin-17.0.10+7 (17.0.10+7, mixed mode, tiered, compressed oops, compressed class ptrs, parallel gc, windows-amd64)
GC Precious Log:
 CPUs: 2 total, 2 available
 Memory: 6142M
 Large Page Support: Disabled
 NUMA Support: Disabled
 Compressed Oops: Enabled (32-bit)
 Alignments: Space 512K, Generation 512K, Heap 2M
 Heap Min Capacity: 100M
 Heap Initial Capacity: 100M
 Heap Max Capacity: 1G
 Pre-touch: Disabled
 Parallel Workers: 2
Heap:
 PSYoungGen      total 6656K, used 5903K [0x00000000eab00000, 0x00000000eb400000, 0x0000000100000000)
  eden space 5120K, 100% used [0x00000000eab00000,0x00000000eb000000,0x00000000eb000000)
  from space 1536K, 50% used [0x00000000eb180000,0x00000000eb243ca8,0x00000000eb300000)
  to   space 1024K, 98% used [0x00000000eb300000,0x00000000eb3fb100,0x00000000eb400000)
 ParOldGen       total 102400K, used 99909K [0x00000000c0000000, 0x00000000c6400000, 0x00000000eab00000)
  object space 102400K, 97% used [0x00000000c0000000,0x00000000c6191558,0x00000000c6400000)
 Metaspace       used 92458K, committed 93696K, reserved 1179648K
  class space    used 9415K, committed 9920K, reserved 1048576K
GC Heap History (20 events):
Event: 1216.625 GC heap after
{Heap after GC invocations=1831 (full 44):
 PSYoungGen      total 6656K, used 1512K [0x00000000eab00000, 0x00000000eb700000, 0x0000000100000000)
  eden space 5120K, 0% used [0x00000000eab00000,0x00000000eab00000,0x00000000eb000000)
  from space 1536K, 98% used [0x00000000eb380000,0x00000000eb4fa078,0x00000000eb500000)
  to   space 3584K, 0% used [0x00000000eb000000,0x00000000eb000000,0x00000000eb380000)
 ParOldGen       total 102400K, used 80734K [0x00000000c0000000, 0x00000000c6400000, 0x00000000eab00000)
  object space 102400K, 78% used [0x00000000c0000000,0x00000000c4ed7ae8,0x00000000c6400000)
 Metaspace       used 92380K, committed 93568K, reserved 1179648K
  class space    used 9415K, committed 9920K, reserved 1048576K
}
Event: 1216.661 GC heap before
{Heap before GC invocations=1832 (full 44):
 PSYoungGen      total 6656K, used 6632K [0x00000000eab00000, 0x00000000eb700000, 0x0000000100000000)
  eden space 5120K, 100% used [0x00000000eab00000,0x00000000eb000000,0x00000000eb000000)
  from space 1536K, 98% used [0x00000000eb380000,0x00000000eb4fa078,0x00000000eb500000)
  to   space 3584K, 0% used [0x00000000eb000000,0x00000000eb000000,0x00000000eb380000)
 ParOldGen       total 102400K, used 80734K [0x00000000c0000000, 0x00000000c6400000, 0x00000000eab00000)
  object space 102400K, 78% used [0x00000000c0000000,0x00000000c4ed7ae8,0x00000000c6400000)
 Metaspace       used 92380K, committed 93568K, reserved 1179648K
  class space    used 9415K, committed 9920K, reserved 1048576K
}
Event: 1216.669 GC heap after
{Heap after GC invocations=1832 (full 44):
 PSYoungGen      total 8704K, used 3578K [0x00000000eab00000, 0x00000000ebf00000, 0x0000000100000000)
  eden space 5120K, 0% used [0x00000000eab00000,0x00000000eab00000,0x00000000eb000000)
  from space 3584K, 99% used [0x00000000eb000000,0x00000000eb37e9b0,0x00000000eb380000)
  to   space 7680K, 0% used [0x00000000eb780000,0x00000000eb780000,0x00000000ebf00000)
 ParOldGen       total 102400K, used 83715K [0x00000000c0000000, 0x00000000c6400000, 0x00000000eab00000)
  object space 102400K, 81% used [0x00000000c0000000,0x00000000c51c0ce0,0x00000000c6400000)
 Metaspace       used 92380K, committed 93568K, reserved 1179648K
  class space    used 9415K, committed 9920K, reserved 1048576K
}
Event: 1216.727 GC heap before
{Heap before GC invocations=1833 (full 44):
 PSYoungGen      total 8704K, used 8698K [0x00000000eab00000, 0x00000000ebf00000, 0x0000000100000000)
  eden space 5120K, 100% used [0x00000000eab00000,0x00000000eb000000,0x00000000eb000000)
  from space 3584K, 99% used [0x00000000eb000000,0x00000000eb37e9b0,0x00000000eb380000)
  to   space 7680K, 0% used [0x00000000eb780000,0x00000000eb780000,0x00000000ebf00000)
 ParOldGen       total 102400K, used 83715K [0x00000000c0000000, 0x00000000c6400000, 0x00000000eab00000)
  object space 102400K, 81% used [0x00000000c0000000,0x00000000c51c0ce0,0x00000000c6400000)
 Metaspace       used 92380K, committed 93568K, reserved 1179648K
  class space    used 9415K, committed 9920K, reserved 1048576K
}
Event: 1216.731 GC heap after
{Heap after GC invocations=1833 (full 44):
 PSYoungGen      total 5632K, used 255K [0x00000000eab00000, 0x00000000eb800000, 0x0000000100000000)
  eden space 5120K, 0% used [0x00000000eab00000,0x00000000eab00000,0x00000000eb000000)
  from space 512K, 49% used [0x00000000eb780000,0x00000000eb7bfc98,0x00000000eb800000)
  to   space 2560K, 0% used [0x00000000eb300000,0x00000000eb300000,0x00000000eb580000)
 ParOldGen       total 102400K, used 84947K [0x00000000c0000000, 0x00000000c6400000, 0x00000000eab00000)
  object space 102400K, 82% used [0x00000000c0000000,0x00000000c52f4ce0,0x00000000c6400000)
 Metaspace       used 92380K, committed 93568K, reserved 1179648K
  class space    used 9415K, committed 9920K, reserved 1048576K
}
Event: 1216.959 GC heap before
{Heap before GC invocations=1834 (full 44):
 PSYoungGen      total 5632K, used 5374K [0x00000000eab00000, 0x00000000eb800000, 0x0000000100000000)
  eden space 5120K, 99% used [0x00000000eab00000,0x00000000eafffcf8,0x00000000eb000000)
  from space 512K, 49% used [0x00000000eb780000,0x00000000eb7bfc98,0x00000000eb800000)
  to   space 2560K, 0% used [0x00000000eb300000,0x00000000eb300000,0x00000000eb580000)
 ParOldGen       total 102400K, used 84947K [0x00000000c0000000, 0x00000000c6400000, 0x00000000eab00000)
  object space 102400K, 82% used [0x00000000c0000000,0x00000000c52f4ce0,0x00000000c6400000)
 Metaspace       used 92383K, committed 93568K, reserved 1179648K
  class space    used 9415K, committed 9920K, reserved 1048576K
}
Event: 1216.960 GC heap after
{Heap after GC invocations=1834 (full 44):
 PSYoungGen      total 7680K, used 196K [0x00000000eab00000, 0x00000000eb800000, 0x0000000100000000)
  eden space 5120K, 0% used [0x00000000eab00000,0x00000000eab00000,0x00000000eb000000)
  from space 2560K, 7% used [0x00000000eb300000,0x00000000eb3310a0,0x00000000eb580000)
  to   space 1024K, 0% used [0x00000000eb700000,0x00000000eb700000,0x00000000eb800000)
 ParOldGen       total 102400K, used 85000K [0x00000000c0000000, 0x00000000c6400000, 0x00000000eab00000)
  object space 102400K, 83% used [0x00000000c0000000,0x00000000c5302160,0x00000000c6400000)
 Metaspace       used 92383K, committed 93568K, reserved 1179648K
  class space    used 9415K, committed 9920K, reserved 1048576K
}
Event: 1217.409 GC heap before
{Heap before GC invocations=1835 (full 44):
 PSYoungGen      total 7680K, used 5316K [0x00000000eab00000, 0x00000000eb800000, 0x0000000100000000)
  eden space 5120K, 100% used [0x00000000eab00000,0x00000000eb000000,0x00000000eb000000)
  from space 2560K, 7% used [0x00000000eb300000,0x00000000eb3310a0,0x00000000eb580000)
  to   space 1024K, 0% used [0x00000000eb700000,0x00000000eb700000,0x00000000eb800000)
 ParOldGen       total 102400K, used 85000K [0x00000000c0000000, 0x00000000c6400000, 0x00000000eab00000)
  object space 102400K, 83% used [0x00000000c0000000,0x00000000c5302160,0x00000000c6400000)
 Metaspace       used 92391K, committed 93632K, reserved 1179648K
  class space    used 9415K, committed 9920K, reserved 1048576K
}
Event: 1217.415 GC heap after
{Heap after GC invocations=1835 (full 44):
 PSYoungGen      total 6144K, used 975K [0x00000000eab00000, 0x00000000eb800000, 0x0000000100000000)
  eden space 5120K, 0% used [0x00000000eab00000,0x00000000eab00000,0x00000000eb000000)
  from space 1024K, 95% used [0x00000000eb700000,0x00000000eb7f3ce8,0x00000000eb800000)
  to   space 1536K, 0% used [0x00000000eb500000,0x00000000eb500000,0x00000000eb680000)
 ParOldGen       total 102400K, used 85180K [0x00000000c0000000, 0x00000000c6400000, 0x00000000eab00000)
  object space 102400K, 83% used [0x00000000c0000000,0x00000000c532f200,0x00000000c6400000)
 Metaspace       used 92391K, committed 93632K, reserved 1179648K
  class space    used 9415K, committed 9920K, reserved 1048576K
}
Event: 1217.574 GC heap before
{Heap before GC invocations=1836 (full 44):
 PSYoungGen      total 6144K, used 6008K [0x00000000eab00000, 0x00000000eb800000, 0x0000000100000000)
  eden space 5120K, 98% used [0x00000000eab00000,0x00000000eafea3c8,0x00000000eb000000)
  from space 1024K, 95% used [0x00000000eb700000,0x00000000eb7f3ce8,0x00000000eb800000)
  to   space 1536K, 0% used [0x00000000eb500000,0x00000000eb500000,0x00000000eb680000)
 ParOldGen       total 102400K, used 85180K [0x00000000c0000000, 0x00000000c6400000, 0x00000000eab00000)
  object space 102400K, 83% used [0x00000000c0000000,0x00000000c532f200,0x00000000c6400000)
 Metaspace       used 92404K, committed 93632K, reserved 1179648K
  class space    used 9415K, committed 9920K, reserved 1048576K
}
Event: 1217.583 GC heap after
{Heap after GC invocations=1836 (full 44):
 PSYoungGen      total 6656K, used 1516K [0x00000000eab00000, 0x00000000ebb00000, 0x0000000100000000)
  eden space 5120K, 0% used [0x00000000eab00000,0x00000000eab00000,0x00000000eb000000)
  from space 1536K, 98% used [0x00000000eb500000,0x00000000eb67b100,0x00000000eb680000)
  to   space 4608K, 0% used [0x00000000eb680000,0x00000000eb680000,0x00000000ebb00000)
 ParOldGen       total 102400K, used 88437K [0x00000000c0000000, 0x00000000c6400000, 0x00000000eab00000)
  object space 102400K, 86% used [0x00000000c0000000,0x00000000c565d4a0,0x00000000c6400000)
 Metaspace       used 92404K, committed 93632K, reserved 1179648K
  class space    used 9415K, committed 9920K, reserved 1048576K
}
Event: 1217.598 GC heap before
{Heap before GC invocations=1837 (full 44):
 PSYoungGen      total 6656K, used 6636K [0x00000000eab00000, 0x00000000ebb00000, 0x0000000100000000)
  eden space 5120K, 100% used [0x00000000eab00000,0x00000000eb000000,0x00000000eb000000)
  from space 1536K, 98% used [0x00000000eb500000,0x00000000eb67b100,0x00000000eb680000)
  to   space 4608K, 0% used [0x00000000eb680000,0x00000000eb680000,0x00000000ebb00000)
 ParOldGen       total 102400K, used 88437K [0x00000000c0000000, 0x00000000c6400000, 0x00000000eab00000)
  object space 102400K, 86% used [0x00000000c0000000,0x00000000c565d4a0,0x00000000c6400000)
 Metaspace       used 92404K, committed 93632K, reserved 1179648K
  class space    used 9415K, committed 9920K, reserved 1048576K
}
Event: 1217.608 GC heap after
{Heap after GC invocations=1837 (full 44):
 PSYoungGen      total 9728K, used 4589K [0x00000000eab00000, 0x00000000ebd00000, 0x0000000100000000)
  eden space 5120K, 0% used [0x00000000eab00000,0x00000000eab00000,0x00000000eb000000)
  from space 4608K, 99% used [0x00000000eb680000,0x00000000ebafb4d8,0x00000000ebb00000)
  to   space 6656K, 0% used [0x00000000eb000000,0x00000000eb000000,0x00000000eb680000)
 ParOldGen       total 102400K, used 90005K [0x00000000c0000000, 0x00000000c6400000, 0x00000000eab00000)
  object space 102400K, 87% used [0x00000000c0000000,0x00000000c57e5490,0x00000000c6400000)
 Metaspace       used 92404K, committed 93632K, reserved 1179648K
  class space    used 9415K, committed 9920K, reserved 1048576K
}
Event: 1217.650 GC heap before
{Heap before GC invocations=1838 (full 44):
 PSYoungGen      total 9728K, used 9709K [0x00000000eab00000, 0x00000000ebd00000, 0x0000000100000000)
  eden space 5120K, 100% used [0x00000000eab00000,0x00000000eb000000,0x00000000eb000000)
  from space 4608K, 99% used [0x00000000eb680000,0x00000000ebafb4d8,0x00000000ebb00000)
  to   space 6656K, 0% used [0x00000000eb000000,0x00000000eb000000,0x00000000eb680000)
 ParOldGen       total 102400K, used 90005K [0x00000000c0000000, 0x00000000c6400000, 0x00000000eab00000)
  object space 102400K, 87% used [0x00000000c0000000,0x00000000c57e5490,0x00000000c6400000)
 Metaspace       used 92426K, committed 93632K, reserved 1179648K
  class space    used 9415K, committed 9920K, reserved 1048576K
}
Event: 1217.657 GC heap after
{Heap after GC invocations=1838 (full 44):
 PSYoungGen      total 6656K, used 1535K [0x00000000eab00000, 0x00000000eb700000, 0x0000000100000000)
  eden space 5120K, 0% used [0x00000000eab00000,0x00000000eab00000,0x00000000eb000000)
  from space 1536K, 99% used [0x00000000eb000000,0x00000000eb17fc98,0x00000000eb180000)
  to   space 3584K, 0% used [0x00000000eb380000,0x00000000eb380000,0x00000000eb700000)
 ParOldGen       total 102400K, used 94634K [0x00000000c0000000, 0x00000000c6400000, 0x00000000eab00000)
  object space 102400K, 92% used [0x00000000c0000000,0x00000000c5c6a968,0x00000000c6400000)
 Metaspace       used 92426K, committed 93632K, reserved 1179648K
  class space    used 9415K, committed 9920K, reserved 1048576K
}
Event: 1217.953 GC heap before
{Heap before GC invocations=1839 (full 44):
 PSYoungGen      total 6656K, used 6655K [0x00000000eab00000, 0x00000000eb700000, 0x0000000100000000)
  eden space 5120K, 100% used [0x00000000eab00000,0x00000000eb000000,0x00000000eb000000)
  from space 1536K, 99% used [0x00000000eb000000,0x00000000eb17fc98,0x00000000eb180000)
  to   space 3584K, 0% used [0x00000000eb380000,0x00000000eb380000,0x00000000eb700000)
 ParOldGen       total 102400K, used 94634K [0x00000000c0000000, 0x00000000c6400000, 0x00000000eab00000)
  object space 102400K, 92% used [0x00000000c0000000,0x00000000c5c6a968,0x00000000c6400000)
 Metaspace       used 92428K, committed 93632K, reserved 1179648K
  class space    used 9415K, committed 9920K, reserved 1048576K
}
Event: 1217.958 GC heap after
{Heap after GC invocations=1839 (full 44):
 PSYoungGen      total 6144K, used 692K [0x00000000eab00000, 0x00000000eb480000, 0x0000000100000000)
  eden space 5120K, 0% used [0x00000000eab00000,0x00000000eab00000,0x00000000eb000000)
  from space 1024K, 67% used [0x00000000eb380000,0x00000000eb42d0d0,0x00000000eb480000)
  to   space 1536K, 0% used [0x00000000eb180000,0x00000000eb180000,0x00000000eb300000)
 ParOldGen       total 102400K, used 95983K [0x00000000c0000000, 0x00000000c6400000, 0x00000000eab00000)
  object space 102400K, 93% used [0x00000000c0000000,0x00000000c5dbbde8,0x00000000c6400000)
 Metaspace       used 92428K, committed 93632K, reserved 1179648K
  class space    used 9415K, committed 9920K, reserved 1048576K
}
Event: 1217.990 GC heap before
{Heap before GC invocations=1840 (full 44):
 PSYoungGen      total 6144K, used 5812K [0x00000000eab00000, 0x00000000eb480000, 0x0000000100000000)
  eden space 5120K, 100% used [0x00000000eab00000,0x00000000eb000000,0x00000000eb000000)
  from space 1024K, 67% used [0x00000000eb380000,0x00000000eb42d0d0,0x00000000eb480000)
  to   space 1536K, 0% used [0x00000000eb180000,0x00000000eb180000,0x00000000eb300000)
 ParOldGen       total 102400K, used 95983K [0x00000000c0000000, 0x00000000c6400000, 0x00000000eab00000)
  object space 102400K, 93% used [0x00000000c0000000,0x00000000c5dbbde8,0x00000000c6400000)
 Metaspace       used 92428K, committed 93632K, reserved 1179648K
  class space    used 9415K, committed 9920K, reserved 1048576K
}
Event: 1217.993 GC heap after
{Heap after GC invocations=1840 (full 44):
 PSYoungGen      total 6656K, used 783K [0x00000000eab00000, 0x00000000eb400000, 0x0000000100000000)
  eden space 5120K, 0% used [0x00000000eab00000,0x00000000eab00000,0x00000000eb000000)
  from space 1536K, 50% used [0x00000000eb180000,0x00000000eb243ca8,0x00000000eb300000)
  to   space 1024K, 0% used [0x00000000eb300000,0x00000000eb300000,0x00000000eb400000)
 ParOldGen       total 102400K, used 96616K [0x00000000c0000000, 0x00000000c6400000, 0x00000000eab00000)
  object space 102400K, 94% used [0x00000000c0000000,0x00000000c5e5a348,0x00000000c6400000)
 Metaspace       used 92428K, committed 93632K, reserved 1179648K
  class space    used 9415K, committed 9920K, reserved 1048576K
}
Event: 1218.145 GC heap before
{Heap before GC invocations=1841 (full 44):
 PSYoungGen      total 6656K, used 5903K [0x00000000eab00000, 0x00000000eb400000, 0x0000000100000000)
  eden space 5120K, 100% used [0x00000000eab00000,0x00000000eb000000,0x00000000eb000000)
  from space 1536K, 50% used [0x00000000eb180000,0x00000000eb243ca8,0x00000000eb300000)
  to   space 1024K, 0% used [0x00000000eb300000,0x00000000eb300000,0x00000000eb400000)
 ParOldGen       total 102400K, used 96616K [0x00000000c0000000, 0x00000000c6400000, 0x00000000eab00000)
  object space 102400K, 94% used [0x00000000c0000000,0x00000000c5e5a348,0x00000000c6400000)
 Metaspace       used 92458K, committed 93696K, reserved 1179648K
  class space    used 9415K, committed 9920K, reserved 1048576K
}

