# JRE version: OpenJDK Runtime Environment Temurin-17.0.10+7 (17.0.10+7) (build 17.0.10+7)
# Java VM: OpenJDK 64-Bit Server VM Temurin-17.0.10+7 (17.0.10+7, mixed mode, tiered, compressed oops, compressed class ptrs, parallel gc, windows-amd64)
GC Precious Log:
 CPUs: 2 total, 2 available
 Memory: 6142M
 Large Page Support: Disabled
 NUMA Support: Disabled
 Compressed Oops: Enabled (32-bit)
 Alignments: Space 512K, Generation 512K, Heap 2M
 Heap Min Capacity: 100M
 Heap Initial Capacity: 100M
 Heap Max Capacity: 1G
 Pre-touch: Disabled
 Parallel Workers: 2
Heap:
 PSYoungGen      total 4608K, used 3079K [0x00000000eab00000, 0x00000000eb300000, 0x0000000100000000)
  eden space 4096K, 68% used [0x00000000eab00000,0x00000000eadbf848,0x00000000eaf00000)
  from space 512K, 51% used [0x00000000eb280000,0x00000000eb2c2770,0x00000000eb300000)
  to   space 512K, 0% used [0x00000000eb200000,0x00000000eb200000,0x00000000eb280000)
 ParOldGen       total 71168K, used 63043K [0x00000000c0000000, 0x00000000c4580000, 0x00000000eab00000)
  object space 71168K, 88% used [0x00000000c0000000,0x00000000c3d90c48,0x00000000c4580000)
 Metaspace       used 87281K, committed 88576K, reserved 1179648K
  class space    used 9112K, committed 9728K, reserved 1048576K
GC Heap History (20 events):
Event: 2617.993 GC heap before
{Heap before GC invocations=695 (full 16):
 PSYoungGen      total 4608K, used 3063K [0x00000000eab00000, 0x00000000eb400000, 0x0000000100000000)
  eden space 4096K, 73% used [0x00000000eab00000,0x00000000eadedea0,0x00000000eaf00000)
  from space 512K, 12% used [0x00000000eb300000,0x00000000eb310000,0x00000000eb380000)
  to   space 512K, 0% used [0x00000000eb380000,0x00000000eb380000,0x00000000eb400000)
 ParOldGen       total 71168K, used 51723K [0x00000000c0000000, 0x00000000c4580000, 0x00000000eab00000)
  object space 71168K, 72% used [0x00000000c0000000,0x00000000c3282cc8,0x00000000c4580000)
 Metaspace       used 87225K, committed 88576K, reserved 1179648K
  class space    used 9111K, committed 9728K, reserved 1048576K
}
Event: 2617.998 GC heap after
{Heap after GC invocations=695 (full 16):
 PSYoungGen      total 4608K, used 505K [0x00000000eab00000, 0x00000000eb400000, 0x0000000100000000)
  eden space 4096K, 0% used [0x00000000eab00000,0x00000000eab00000,0x00000000eaf00000)
  from space 512K, 98% used [0x00000000eb380000,0x00000000eb3fe580,0x00000000eb400000)
  to   space 1024K, 0% used [0x00000000eb200000,0x00000000eb200000,0x00000000eb300000)
 ParOldGen       total 71168K, used 52051K [0x00000000c0000000, 0x00000000c4580000, 0x00000000eab00000)
  object space 71168K, 73% used [0x00000000c0000000,0x00000000c32d4cc8,0x00000000c4580000)
 Metaspace       used 87225K, committed 88576K, reserved 1179648K
  class space    used 9111K, committed 9728K, reserved 1048576K
}
Event: 2618.058 GC heap before
{Heap before GC invocations=696 (full 16):
 PSYoungGen      total 4608K, used 4601K [0x00000000eab00000, 0x00000000eb400000, 0x0000000100000000)
  eden space 4096K, 100% used [0x00000000eab00000,0x00000000eaf00000,0x00000000eaf00000)
  from space 512K, 98% used [0x00000000eb380000,0x00000000eb3fe580,0x00000000eb400000)
  to   space 1024K, 0% used [0x00000000eb200000,0x00000000eb200000,0x00000000eb300000)
 ParOldGen       total 71168K, used 52051K [0x00000000c0000000, 0x00000000c4580000, 0x00000000eab00000)
  object space 71168K, 73% used [0x00000000c0000000,0x00000000c32d4cc8,0x00000000c4580000)
 Metaspace       used 87230K, committed 88576K, reserved 1179648K
  class space    used 9111K, committed 9728K, reserved 1048576K
}
Event: 2618.060 GC heap after
{Heap after GC invocations=696 (full 16):
 PSYoungGen      total 5120K, used 411K [0x00000000eab00000, 0x00000000eb400000, 0x0000000100000000)
  eden space 4096K, 0% used [0x00000000eab00000,0x00000000eab00000,0x00000000eaf00000)
  from space 1024K, 40% used [0x00000000eb200000,0x00000000eb266fb8,0x00000000eb300000)
  to   space 1024K, 0% used [0x00000000eb300000,0x00000000eb300000,0x00000000eb400000)
 ParOldGen       total 71168K, used 52558K [0x00000000c0000000, 0x00000000c4580000, 0x00000000eab00000)
  object space 71168K, 73% used [0x00000000c0000000,0x00000000c3353bf0,0x00000000c4580000)
 Metaspace       used 87230K, committed 88576K, reserved 1179648K
  class space    used 9111K, committed 9728K, reserved 1048576K
}
Event: 2618.079 GC heap before
{Heap before GC invocations=697 (full 16):
 PSYoungGen      total 5120K, used 2812K [0x00000000eab00000, 0x00000000eb400000, 0x0000000100000000)
  eden space 4096K, 58% used [0x00000000eab00000,0x00000000ead581e0,0x00000000eaf00000)
  from space 1024K, 40% used [0x00000000eb200000,0x00000000eb266fb8,0x00000000eb300000)
  to   space 1024K, 0% used [0x00000000eb300000,0x00000000eb300000,0x00000000eb400000)
 ParOldGen       total 71168K, used 52558K [0x00000000c0000000, 0x00000000c4580000, 0x00000000eab00000)
  object space 71168K, 73% used [0x00000000c0000000,0x00000000c3353bf0,0x00000000c4580000)
 Metaspace       used 87230K, committed 88576K, reserved 1179648K
  class space    used 9111K, committed 9728K, reserved 1048576K
}
Event: 2618.080 GC heap after
{Heap after GC invocations=697 (full 16):
 PSYoungGen      total 4608K, used 64K [0x00000000eab00000, 0x00000000eb380000, 0x0000000100000000)
  eden space 4096K, 0% used [0x00000000eab00000,0x00000000eab00000,0x00000000eaf00000)
  from space 512K, 12% used [0x00000000eb300000,0x00000000eb310000,0x00000000eb380000)
  to   space 512K, 0% used [0x00000000eb280000,0x00000000eb280000,0x00000000eb300000)
 ParOldGen       total 71168K, used 52864K [0x00000000c0000000, 0x00000000c4580000, 0x00000000eab00000)
  object space 71168K, 74% used [0x00000000c0000000,0x00000000c33a0028,0x00000000c4580000)
 Metaspace       used 87230K, committed 88576K, reserved 1179648K
  class space    used 9111K, committed 9728K, reserved 1048576K
}
Event: 2618.096 GC heap before
{Heap before GC invocations=698 (full 16):
 PSYoungGen      total 4608K, used 4051K [0x00000000eab00000, 0x00000000eb380000, 0x0000000100000000)
  eden space 4096K, 97% used [0x00000000eab00000,0x00000000eaee4e80,0x00000000eaf00000)
  from space 512K, 12% used [0x00000000eb300000,0x00000000eb310000,0x00000000eb380000)
  to   space 512K, 0% used [0x00000000eb280000,0x00000000eb280000,0x00000000eb300000)
 ParOldGen       total 71168K, used 52864K [0x00000000c0000000, 0x00000000c4580000, 0x00000000eab00000)
  object space 71168K, 74% used [0x00000000c0000000,0x00000000c33a0028,0x00000000c4580000)
 Metaspace       used 87230K, committed 88576K, reserved 1179648K
  class space    used 9111K, committed 9728K, reserved 1048576K
}
Event: 2618.098 GC heap after
{Heap after GC invocations=698 (full 16):
 PSYoungGen      total 4608K, used 64K [0x00000000eab00000, 0x00000000eb380000, 0x0000000100000000)
  eden space 4096K, 0% used [0x00000000eab00000,0x00000000eab00000,0x00000000eaf00000)
  from space 512K, 12% used [0x00000000eb280000,0x00000000eb290000,0x00000000eb300000)
  to   space 512K, 0% used [0x00000000eb300000,0x00000000eb300000,0x00000000eb380000)
 ParOldGen       total 71168K, used 56428K [0x00000000c0000000, 0x00000000c4580000, 0x00000000eab00000)
  object space 71168K, 79% used [0x00000000c0000000,0x00000000c371b288,0x00000000c4580000)
 Metaspace       used 87230K, committed 88576K, reserved 1179648K
  class space    used 9111K, committed 9728K, reserved 1048576K
}
Event: 2618.182 GC heap before
{Heap before GC invocations=699 (full 16):
 PSYoungGen      total 4608K, used 2832K [0x00000000eab00000, 0x00000000eb380000, 0x0000000100000000)
  eden space 4096K, 67% used [0x00000000eab00000,0x00000000eadb4048,0x00000000eaf00000)
  from space 512K, 12% used [0x00000000eb280000,0x00000000eb290000,0x00000000eb300000)
  to   space 512K, 0% used [0x00000000eb300000,0x00000000eb300000,0x00000000eb380000)
 ParOldGen       total 71168K, used 56428K [0x00000000c0000000, 0x00000000c4580000, 0x00000000eab00000)
  object space 71168K, 79% used [0x00000000c0000000,0x00000000c371b288,0x00000000c4580000)
 Metaspace       used 87230K, committed 88576K, reserved 1179648K
  class space    used 9111K, committed 9728K, reserved 1048576K
}
Event: 2618.183 GC heap after
{Heap after GC invocations=699 (full 16):
 PSYoungGen      total 4608K, used 64K [0x00000000eab00000, 0x00000000eb380000, 0x0000000100000000)
  eden space 4096K, 0% used [0x00000000eab00000,0x00000000eab00000,0x00000000eaf00000)
  from space 512K, 12% used [0x00000000eb300000,0x00000000eb310000,0x00000000eb380000)
  to   space 512K, 0% used [0x00000000eb280000,0x00000000eb280000,0x00000000eb300000)
 ParOldGen       total 71168K, used 56436K [0x00000000c0000000, 0x00000000c4580000, 0x00000000eab00000)
  object space 71168K, 79% used [0x00000000c0000000,0x00000000c371d288,0x00000000c4580000)
 Metaspace       used 87230K, committed 88576K, reserved 1179648K
  class space    used 9111K, committed 9728K, reserved 1048576K
}
Event: 2618.205 GC heap before
{Heap before GC invocations=700 (full 16):
 PSYoungGen      total 4608K, used 4160K [0x00000000eab00000, 0x00000000eb380000, 0x0000000100000000)
  eden space 4096K, 100% used [0x00000000eab00000,0x00000000eaf00000,0x00000000eaf00000)
  from space 512K, 12% used [0x00000000eb300000,0x00000000eb310000,0x00000000eb380000)
  to   space 512K, 0% used [0x00000000eb280000,0x00000000eb280000,0x00000000eb300000)
 ParOldGen       total 71168K, used 56436K [0x00000000c0000000, 0x00000000c4580000, 0x00000000eab00000)
  object space 71168K, 79% used [0x00000000c0000000,0x00000000c371d288,0x00000000c4580000)
 Metaspace       used 87231K, committed 88576K, reserved 1179648K
  class space    used 9111K, committed 9728K, reserved 1048576K
}
Event: 2618.208 GC heap after
{Heap after GC invocations=700 (full 16):
 PSYoungGen      total 4608K, used 192K [0x00000000eab00000, 0x00000000eb380000, 0x0000000100000000)
  eden space 4096K, 0% used [0x00000000eab00000,0x00000000eab00000,0x00000000eaf00000)
  from space 512K, 37% used [0x00000000eb280000,0x00000000eb2b0020,0x00000000eb300000)
  to   space 512K, 0% used [0x00000000eb300000,0x00000000eb300000,0x00000000eb380000)
 ParOldGen       total 71168K, used 59993K [0x00000000c0000000, 0x00000000c4580000, 0x00000000eab00000)
  object space 71168K, 84% used [0x00000000c0000000,0x00000000c3a964e8,0x00000000c4580000)
 Metaspace       used 87231K, committed 88576K, reserved 1179648K
  class space    used 9111K, committed 9728K, reserved 1048576K
}
Event: 2618.246 GC heap before
{Heap before GC invocations=701 (full 16):
 PSYoungGen      total 4608K, used 4288K [0x00000000eab00000, 0x00000000eb380000, 0x0000000100000000)
  eden space 4096K, 100% used [0x00000000eab00000,0x00000000eaf00000,0x00000000eaf00000)
  from space 512K, 37% used [0x00000000eb280000,0x00000000eb2b0020,0x00000000eb300000)
  to   space 512K, 0% used [0x00000000eb300000,0x00000000eb300000,0x00000000eb380000)
 ParOldGen       total 71168K, used 59993K [0x00000000c0000000, 0x00000000c4580000, 0x00000000eab00000)
  object space 71168K, 84% used [0x00000000c0000000,0x00000000c3a964e8,0x00000000c4580000)
 Metaspace       used 87237K, committed 88576K, reserved 1179648K
  class space    used 9111K, committed 9728K, reserved 1048576K
}
Event: 2618.248 GC heap after
{Heap after GC invocations=701 (full 16):
 PSYoungGen      total 4608K, used 320K [0x00000000eab00000, 0x00000000eb380000, 0x0000000100000000)
  eden space 4096K, 0% used [0x00000000eab00000,0x00000000eab00000,0x00000000eaf00000)
  from space 512K, 62% used [0x00000000eb300000,0x00000000eb350000,0x00000000eb380000)
  to   space 512K, 0% used [0x00000000eb280000,0x00000000eb280000,0x00000000eb300000)
 ParOldGen       total 71168K, used 60112K [0x00000000c0000000, 0x00000000c4580000, 0x00000000eab00000)
  object space 71168K, 84% used [0x00000000c0000000,0x00000000c3ab4270,0x00000000c4580000)
 Metaspace       used 87237K, committed 88576K, reserved 1179648K
  class space    used 9111K, committed 9728K, reserved 1048576K
}
Event: 2618.307 GC heap before
{Heap before GC invocations=702 (full 16):
 PSYoungGen      total 4608K, used 4312K [0x00000000eab00000, 0x00000000eb380000, 0x0000000100000000)
  eden space 4096K, 97% used [0x00000000eab00000,0x00000000eaee6330,0x00000000eaf00000)
  from space 512K, 62% used [0x00000000eb300000,0x00000000eb350000,0x00000000eb380000)
  to   space 512K, 0% used [0x00000000eb280000,0x00000000eb280000,0x00000000eb300000)
 ParOldGen       total 71168K, used 60112K [0x00000000c0000000, 0x00000000c4580000, 0x00000000eab00000)
  object space 71168K, 84% used [0x00000000c0000000,0x00000000c3ab4270,0x00000000c4580000)
 Metaspace       used 87243K, committed 88576K, reserved 1179648K
  class space    used 9111K, committed 9728K, reserved 1048576K
}
Event: 2618.309 GC heap after
{Heap after GC invocations=702 (full 16):
 PSYoungGen      total 4608K, used 288K [0x00000000eab00000, 0x00000000eb380000, 0x0000000100000000)
  eden space 4096K, 0% used [0x00000000eab00000,0x00000000eab00000,0x00000000eaf00000)
  from space 512K, 56% used [0x00000000eb280000,0x00000000eb2c8000,0x00000000eb300000)
  to   space 512K, 0% used [0x00000000eb300000,0x00000000eb300000,0x00000000eb380000)
 ParOldGen       total 71168K, used 60408K [0x00000000c0000000, 0x00000000c4580000, 0x00000000eab00000)
  object space 71168K, 84% used [0x00000000c0000000,0x00000000c3afe270,0x00000000c4580000)
 Metaspace       used 87243K, committed 88576K, reserved 1179648K
  class space    used 9111K, committed 9728K, reserved 1048576K
}
Event: 2618.345 GC heap before
{Heap before GC invocations=703 (full 16):
 PSYoungGen      total 4608K, used 4127K [0x00000000eab00000, 0x00000000eb380000, 0x0000000100000000)
  eden space 4096K, 93% used [0x00000000eab00000,0x00000000eaebfff0,0x00000000eaf00000)
  from space 512K, 56% used [0x00000000eb280000,0x00000000eb2c8000,0x00000000eb300000)
  to   space 512K, 0% used [0x00000000eb300000,0x00000000eb300000,0x00000000eb380000)
 ParOldGen       total 71168K, used 60408K [0x00000000c0000000, 0x00000000c4580000, 0x00000000eab00000)
  object space 71168K, 84% used [0x00000000c0000000,0x00000000c3afe270,0x00000000c4580000)
 Metaspace       used 87243K, committed 88576K, reserved 1179648K
  class space    used 9111K, committed 9728K, reserved 1048576K
}
Event: 2618.347 GC heap after
{Heap after GC invocations=703 (full 16):
 PSYoungGen      total 4608K, used 231K [0x00000000eab00000, 0x00000000eb380000, 0x0000000100000000)
  eden space 4096K, 0% used [0x00000000eab00000,0x00000000eab00000,0x00000000eaf00000)
  from space 512K, 45% used [0x00000000eb300000,0x00000000eb339fe0,0x00000000eb380000)
  to   space 512K, 0% used [0x00000000eb280000,0x00000000eb280000,0x00000000eb300000)
 ParOldGen       total 71168K, used 60643K [0x00000000c0000000, 0x00000000c4580000, 0x00000000eab00000)
  object space 71168K, 85% used [0x00000000c0000000,0x00000000c3b38f60,0x00000000c4580000)
 Metaspace       used 87243K, committed 88576K, reserved 1179648K
  class space    used 9111K, committed 9728K, reserved 1048576K
}
Event: 2618.457 GC heap before
{Heap before GC invocations=704 (full 16):
 PSYoungGen      total 4608K, used 4315K [0x00000000eab00000, 0x00000000eb380000, 0x0000000100000000)
  eden space 4096K, 99% used [0x00000000eab00000,0x00000000eaefcdc8,0x00000000eaf00000)
  from space 512K, 45% used [0x00000000eb300000,0x00000000eb339fe0,0x00000000eb380000)
  to   space 512K, 0% used [0x00000000eb280000,0x00000000eb280000,0x00000000eb300000)
 ParOldGen       total 71168K, used 60643K [0x00000000c0000000, 0x00000000c4580000, 0x00000000eab00000)
  object space 71168K, 85% used [0x00000000c0000000,0x00000000c3b38f60,0x00000000c4580000)
 Metaspace       used 87248K, committed 88576K, reserved 1179648K
  class space    used 9111K, committed 9728K, reserved 1048576K
}
Event: 2618.460 GC heap after
{Heap after GC invocations=704 (full 16):
 PSYoungGen      total 4608K, used 505K [0x00000000eab00000, 0x00000000eb380000, 0x0000000100000000)
  eden space 4096K, 0% used [0x00000000eab00000,0x00000000eab00000,0x00000000eaf00000)
  from space 512K, 98% used [0x00000000eb280000,0x00000000eb2fe578,0x00000000eb300000)
  to   space 512K, 0% used [0x00000000eb300000,0x00000000eb300000,0x00000000eb380000)
 ParOldGen       total 71168K, used 61452K [0x00000000c0000000, 0x00000000c4580000, 0x00000000eab00000)
  object space 71168K, 86% used [0x00000000c0000000,0x00000000c3c032a0,0x00000000c4580000)
 Metaspace       used 87248K, committed 88576K, reserved 1179648K
  class space    used 9111K, committed 9728K, reserved 1048576K
}

